# JRE version: OpenJDK Runtime Environment (21.0.3) (build 21.0.3+-12282718-b509.11)
# Java VM: OpenJDK 64-Bit Server VM (21.0.3+-12282718-b509.11, mixed mode, tiered, compressed oops, compressed class ptrs, g1 gc, windows-amd64)
GC Precious Log:
 CardTable entry size: 512
 Card Set container configuration: InlinePtr #cards 5 size 8 Array Of Cards #cards 12 size 40 Howl #buckets 4 coarsen threshold 1843 Howl Bitmap #cards 512 size 80 coarsen threshold 460 Card regions per heap region 1 cards per card region 2048
 CPUs: 16 total, 16 available
 Memory: 16160M
 Large Page Support: Disabled
 NUMA Support: Disabled
 Compressed Oops: Enabled (32-bit)
 Heap Region Size: 1M
 Heap Min Capacity: 8M
 Heap Initial Capacity: 254M
 Heap Max Capacity: 2G
 Pre-touch: Disabled
 Parallel Workers: 13
 Concurrent Workers: 3
 Concurrent Refinement Workers: 13
 Periodic GC: Disabled
Heap:
 garbage-first heap   total 117760K, used 73728K [0x0000000080000000, 0x0000000100000000)
  region size 1024K, 8 young (8192K), 4 survivors (4096K)
 Metaspace       used 74779K, committed 76480K, reserved 1179648K
  class space    used 10031K, committed 10880K, reserved 1048576K
GC Heap History (20 events):
Event: 8.202 GC heap before
{Heap before GC invocations=11 (full 0):
 garbage-first heap   total 88064K, used 76897K [0x0000000080000000, 0x0000000100000000)
  region size 1024K, 46 young (47104K), 3 survivors (3072K)
 Metaspace       used 50849K, committed 52288K, reserved 1114112K
  class space    used 6979K, committed 7680K, reserved 1048576K
}
Event: 8.206 GC heap after
{Heap after GC invocations=12 (full 0):
 garbage-first heap   total 88064K, used 35198K [0x0000000080000000, 0x0000000100000000)
  region size 1024K, 6 young (6144K), 6 survivors (6144K)
 Metaspace       used 50849K, committed 52288K, reserved 1114112K
  class space    used 6979K, committed 7680K, reserved 1048576K
}
Event: 9.136 GC heap before
{Heap before GC invocations=12 (full 0):
 garbage-first heap   total 88064K, used 77182K [0x0000000080000000, 0x0000000100000000)
  region size 1024K, 45 young (46080K), 6 survivors (6144K)
 Metaspace       used 57077K, committed 58496K, reserved 1114112K
  class space    used 7749K, committed 8448K, reserved 1048576K
}
Event: 9.142 GC heap after
{Heap after GC invocations=13 (full 0):
 garbage-first heap   total 88064K, used 36940K [0x0000000080000000, 0x0000000100000000)
  region size 1024K, 5 young (5120K), 5 survivors (5120K)
 Metaspace       used 57077K, committed 58496K, reserved 1114112K
  class space    used 7749K, committed 8448K, reserved 1048576K
}
Event: 9.350 GC heap before
{Heap before GC invocations=13 (full 0):
 garbage-first heap   total 88064K, used 46156K [0x0000000080000000, 0x0000000100000000)
  region size 1024K, 15 young (15360K), 5 survivors (5120K)
 Metaspace       used 58711K, committed 60096K, reserved 1114112K
  class space    used 7993K, committed 8704K, reserved 1048576K
}
Event: 9.354 GC heap after
{Heap after GC invocations=14 (full 0):
 garbage-first heap   total 88064K, used 37392K [0x0000000080000000, 0x0000000100000000)
  region size 1024K, 3 young (3072K), 3 survivors (3072K)
 Metaspace       used 58711K, committed 60096K, reserved 1114112K
  class space    used 7993K, committed 8704K, reserved 1048576K
}
Event: 10.849 GC heap before
{Heap before GC invocations=15 (full 0):
 garbage-first heap   total 88064K, used 78352K [0x0000000080000000, 0x0000000100000000)
  region size 1024K, 43 young (44032K), 3 survivors (3072K)
 Metaspace       used 63947K, committed 65536K, reserved 1114112K
  class space    used 8811K, committed 9600K, reserved 1048576K
}
Event: 10.856 GC heap after
{Heap after GC invocations=16 (full 0):
 garbage-first heap   total 106496K, used 40215K [0x0000000080000000, 0x0000000100000000)
  region size 1024K, 5 young (5120K), 5 survivors (5120K)
 Metaspace       used 63947K, committed 65536K, reserved 1114112K
  class space    used 8811K, committed 9600K, reserved 1048576K
}
Event: 11.877 GC heap before
{Heap before GC invocations=16 (full 0):
 garbage-first heap   total 106496K, used 93463K [0x0000000080000000, 0x0000000100000000)
  region size 1024K, 58 young (59392K), 5 survivors (5120K)
 Metaspace       used 66057K, committed 67648K, reserved 1114112K
  class space    used 9061K, committed 9856K, reserved 1048576K
}
Event: 11.902 GC heap after
{Heap after GC invocations=17 (full 0):
 garbage-first heap   total 106496K, used 45064K [0x0000000080000000, 0x0000000100000000)
  region size 1024K, 8 young (8192K), 8 survivors (8192K)
 Metaspace       used 66057K, committed 67648K, reserved 1114112K
  class space    used 9061K, committed 9856K, reserved 1048576K
}
Event: 12.148 GC heap before
{Heap before GC invocations=17 (full 0):
 garbage-first heap   total 106496K, used 91144K [0x0000000080000000, 0x0000000100000000)
  region size 1024K, 53 young (54272K), 8 survivors (8192K)
 Metaspace       used 66502K, committed 68096K, reserved 1114112K
  class space    used 9088K, committed 9856K, reserved 1048576K
}
Event: 12.163 GC heap after
{Heap after GC invocations=18 (full 0):
 garbage-first heap   total 106496K, used 47551K [0x0000000080000000, 0x0000000100000000)
  region size 1024K, 4 young (4096K), 4 survivors (4096K)
 Metaspace       used 66502K, committed 68096K, reserved 1114112K
  class space    used 9088K, committed 9856K, reserved 1048576K
}
Event: 12.299 GC heap before
{Heap before GC invocations=18 (full 0):
 garbage-first heap   total 106496K, used 93631K [0x0000000080000000, 0x0000000100000000)
  region size 1024K, 50 young (51200K), 4 survivors (4096K)
 Metaspace       used 66532K, committed 68096K, reserved 1114112K
  class space    used 9088K, committed 9856K, reserved 1048576K
}
Event: 12.311 GC heap after
{Heap after GC invocations=19 (full 0):
 garbage-first heap   total 106496K, used 47987K [0x0000000080000000, 0x0000000100000000)
  region size 1024K, 5 young (5120K), 5 survivors (5120K)
 Metaspace       used 66532K, committed 68096K, reserved 1114112K
  class space    used 9088K, committed 9856K, reserved 1048576K
}
Event: 13.001 GC heap before
{Heap before GC invocations=20 (full 0):
 garbage-first heap   total 111616K, used 105331K [0x0000000080000000, 0x0000000100000000)
  region size 1024K, 50 young (51200K), 5 survivors (5120K)
 Metaspace       used 67202K, committed 68800K, reserved 1114112K
  class space    used 9208K, committed 9984K, reserved 1048576K
}
Event: 13.008 GC heap after
{Heap after GC invocations=21 (full 0):
 garbage-first heap   total 117760K, used 65309K [0x0000000080000000, 0x0000000100000000)
  region size 1024K, 7 young (7168K), 7 survivors (7168K)
 Metaspace       used 67202K, committed 68800K, reserved 1114112K
  class space    used 9208K, committed 9984K, reserved 1048576K
}
Event: 13.982 GC heap before
{Heap before GC invocations=21 (full 0):
 garbage-first heap   total 117760K, used 104221K [0x0000000080000000, 0x0000000100000000)
  region size 1024K, 44 young (45056K), 7 survivors (7168K)
 Metaspace       used 70246K, committed 71936K, reserved 1114112K
  class space    used 9603K, committed 10432K, reserved 1048576K
}
Event: 13.991 GC heap after
{Heap after GC invocations=22 (full 0):
 garbage-first heap   total 117760K, used 69911K [0x0000000080000000, 0x0000000100000000)
  region size 1024K, 3 young (3072K), 3 survivors (3072K)
 Metaspace       used 70246K, committed 71936K, reserved 1114112K
  class space    used 9603K, committed 10432K, reserved 1048576K
}
Event: 14.983 GC heap before
{Heap before GC invocations=22 (full 0):
 garbage-first heap   total 117760K, used 104727K [0x0000000080000000, 0x0000000100000000)
  region size 1024K, 38 young (38912K), 3 survivors (3072K)
 Metaspace       used 74350K, committed 76096K, reserved 1114112K
  class space    used 9997K, committed 10880K, reserved 1048576K
}
Event: 14.989 GC heap after
{Heap after GC invocations=23 (full 0):
 garbage-first heap   total 117760K, used 70656K [0x0000000080000000, 0x0000000100000000)
  region size 1024K, 4 young (4096K), 4 survivors (4096K)
 Metaspace       used 74350K, committed 76096K, reserved 1114112K
  class space    used 9997K, committed 10880K, reserved 1048576K
}

