# JRE version: OpenJDK Runtime Environment (21.0.3) (build 21.0.3+-12282718-b509.11)
# Java VM: OpenJDK 64-Bit Server VM (21.0.3+-12282718-b509.11, mixed mode, tiered, compressed oops, compressed class ptrs, g1 gc, windows-amd64)
GC Precious Log:
 CardTable entry size: 512
 Card Set container configuration: InlinePtr #cards 5 size 8 Array Of Cards #cards 12 size 40 Howl #buckets 4 coarsen threshold 1843 Howl Bitmap #cards 512 size 80 coarsen threshold 460 Card regions per heap region 1 cards per card region 2048
 CPUs: 16 total, 16 available
 Memory: 16160M
 Large Page Support: Disabled
 NUMA Support: Disabled
 Compressed Oops: Enabled (32-bit)
 Heap Region Size: 1M
 Heap Min Capacity: 8M
 Heap Initial Capacity: 254M
 Heap Max Capacity: 2G
 Pre-touch: Disabled
 Parallel Workers: 13
 Concurrent Workers: 3
 Concurrent Refinement Workers: 13
 Periodic GC: Disabled
Heap:
 garbage-first heap   total 89088K, used 39979K [0x0000000080000000, 0x0000000100000000)
  region size 1024K, 5 young (5120K), 5 survivors (5120K)
 Metaspace       used 64294K, committed 65920K, reserved 1114112K
  class space    used 8880K, committed 9664K, reserved 1048576K
GC Heap History (20 events):
Event: 2.235 GC heap after
{Heap after GC invocations=3 (full 0):
 garbage-first heap   total 260096K, used 17746K [0x0000000080000000, 0x0000000100000000)
  region size 1024K, 6 young (6144K), 6 survivors (6144K)
 Metaspace       used 14219K, committed 14464K, reserved 1114112K
  class space    used 1559K, committed 1664K, reserved 1048576K
}
Event: 3.015 GC heap before
{Heap before GC invocations=3 (full 0):
 garbage-first heap   total 260096K, used 40274K [0x0000000080000000, 0x0000000100000000)
  region size 1024K, 29 young (29696K), 6 survivors (6144K)
 Metaspace       used 21175K, committed 21504K, reserved 1114112K
  class space    used 2446K, committed 2624K, reserved 1048576K
}
Event: 3.026 GC heap after
{Heap after GC invocations=4 (full 0):
 garbage-first heap   total 260096K, used 20818K [0x0000000080000000, 0x0000000100000000)
  region size 1024K, 9 young (9216K), 9 survivors (9216K)
 Metaspace       used 21175K, committed 21504K, reserved 1114112K
  class space    used 2446K, committed 2624K, reserved 1048576K
}
Event: 4.391 GC heap before
{Heap before GC invocations=5 (full 0):
 garbage-first heap   total 75776K, used 74066K [0x0000000080000000, 0x0000000100000000)
  region size 1024K, 62 young (63488K), 9 survivors (9216K)
 Metaspace       used 29781K, committed 30336K, reserved 1114112K
  class space    used 3841K, committed 4096K, reserved 1048576K
}
Event: 4.405 GC heap after
{Heap after GC invocations=6 (full 0):
 garbage-first heap   total 89088K, used 24048K [0x0000000080000000, 0x0000000100000000)
  region size 1024K, 13 young (13312K), 13 survivors (13312K)
 Metaspace       used 29781K, committed 30336K, reserved 1114112K
  class space    used 3841K, committed 4096K, reserved 1048576K
}
Event: 5.310 GC heap before
{Heap before GC invocations=6 (full 0):
 garbage-first heap   total 89088K, used 62960K [0x0000000080000000, 0x0000000100000000)
  region size 1024K, 52 young (53248K), 13 survivors (13312K)
 Metaspace       used 35066K, committed 35904K, reserved 1114112K
  class space    used 4710K, committed 5120K, reserved 1048576K
}
Event: 5.319 GC heap after
{Heap after GC invocations=7 (full 0):
 garbage-first heap   total 89088K, used 26370K [0x0000000080000000, 0x0000000100000000)
  region size 1024K, 6 young (6144K), 6 survivors (6144K)
 Metaspace       used 35066K, committed 35904K, reserved 1114112K
  class space    used 4710K, committed 5120K, reserved 1048576K
}
Event: 5.391 GC heap before
{Heap before GC invocations=7 (full 0):
 garbage-first heap   total 89088K, used 28418K [0x0000000080000000, 0x0000000100000000)
  region size 1024K, 9 young (9216K), 6 survivors (6144K)
 Metaspace       used 35360K, committed 36096K, reserved 1114112K
  class space    used 4758K, committed 5120K, reserved 1048576K
}
Event: 5.398 GC heap after
{Heap after GC invocations=8 (full 0):
 garbage-first heap   total 89088K, used 26585K [0x0000000080000000, 0x0000000100000000)
  region size 1024K, 3 young (3072K), 3 survivors (3072K)
 Metaspace       used 35360K, committed 36096K, reserved 1114112K
  class space    used 4758K, committed 5120K, reserved 1048576K
}
Event: 6.547 GC heap before
{Heap before GC invocations=9 (full 0):
 garbage-first heap   total 89088K, used 75737K [0x0000000080000000, 0x0000000100000000)
  region size 1024K, 51 young (52224K), 3 survivors (3072K)
 Metaspace       used 44085K, committed 45248K, reserved 1114112K
  class space    used 5952K, committed 6528K, reserved 1048576K
}
Event: 6.553 GC heap after
{Heap after GC invocations=10 (full 0):
 garbage-first heap   total 89088K, used 30535K [0x0000000080000000, 0x0000000100000000)
  region size 1024K, 7 young (7168K), 7 survivors (7168K)
 Metaspace       used 44085K, committed 45248K, reserved 1114112K
  class space    used 5952K, committed 6528K, reserved 1048576K
}
Event: 7.013 GC heap before
{Heap before GC invocations=10 (full 0):
 garbage-first heap   total 89088K, used 74567K [0x0000000080000000, 0x0000000100000000)
  region size 1024K, 51 young (52224K), 7 survivors (7168K)
 Metaspace       used 46515K, committed 47744K, reserved 1114112K
  class space    used 6256K, committed 6848K, reserved 1048576K
}
Event: 7.020 GC heap after
{Heap after GC invocations=11 (full 0):
 garbage-first heap   total 89088K, used 32984K [0x0000000080000000, 0x0000000100000000)
  region size 1024K, 3 young (3072K), 3 survivors (3072K)
 Metaspace       used 46515K, committed 47744K, reserved 1114112K
  class space    used 6256K, committed 6848K, reserved 1048576K
}
Event: 8.075 GC heap before
{Heap before GC invocations=11 (full 0):
 garbage-first heap   total 89088K, used 77016K [0x0000000080000000, 0x0000000100000000)
  region size 1024K, 46 young (47104K), 3 survivors (3072K)
 Metaspace       used 51254K, committed 52672K, reserved 1114112K
  class space    used 7053K, committed 7744K, reserved 1048576K
}
Event: 8.079 GC heap after
{Heap after GC invocations=12 (full 0):
 garbage-first heap   total 89088K, used 35031K [0x0000000080000000, 0x0000000100000000)
  region size 1024K, 5 young (5120K), 5 survivors (5120K)
 Metaspace       used 51254K, committed 52672K, reserved 1114112K
  class space    used 7053K, committed 7744K, reserved 1048576K
}
Event: 8.985 GC heap before
{Heap before GC invocations=12 (full 0):
 garbage-first heap   total 89088K, used 78039K [0x0000000080000000, 0x0000000100000000)
  region size 1024K, 46 young (47104K), 5 survivors (5120K)
 Metaspace       used 57703K, committed 59200K, reserved 1114112K
  class space    used 7847K, committed 8576K, reserved 1048576K
}
Event: 8.989 GC heap after
{Heap after GC invocations=13 (full 0):
 garbage-first heap   total 89088K, used 36742K [0x0000000080000000, 0x0000000100000000)
  region size 1024K, 5 young (5120K), 5 survivors (5120K)
 Metaspace       used 57703K, committed 59200K, reserved 1114112K
  class space    used 7847K, committed 8576K, reserved 1048576K
}
Event: 9.124 GC heap before
{Heap before GC invocations=13 (full 0):
 garbage-first heap   total 89088K, used 42886K [0x0000000080000000, 0x0000000100000000)
  region size 1024K, 12 young (12288K), 5 survivors (5120K)
 Metaspace       used 59013K, committed 60480K, reserved 1114112K
  class space    used 8051K, committed 8768K, reserved 1048576K
}
Event: 9.129 GC heap after
{Heap after GC invocations=14 (full 0):
 garbage-first heap   total 89088K, used 37474K [0x0000000080000000, 0x0000000100000000)
  region size 1024K, 3 young (3072K), 3 survivors (3072K)
 Metaspace       used 59013K, committed 60480K, reserved 1114112K
  class space    used 8051K, committed 8768K, reserved 1048576K
}
Event: 10.263 GC heap before
{Heap before GC invocations=15 (full 0):
 garbage-first heap   total 89088K, used 79458K [0x0000000080000000, 0x0000000100000000)
  region size 1024K, 44 young (45056K), 3 survivors (3072K)
 Metaspace       used 64294K, committed 65920K, reserved 1114112K
  class space    used 8880K, committed 9664K, reserved 1048576K
}

