# JRE version: OpenJDK Runtime Environment (21.0.3) (build 21.0.3+-12282718-b509.11)
# Java VM: OpenJDK 64-Bit Server VM (21.0.3+-12282718-b509.11, mixed mode, tiered, compressed oops, compressed class ptrs, g1 gc, windows-amd64)
GC Precious Log:
 CardTable entry size: 512
 Card Set container configuration: InlinePtr #cards 5 size 8 Array Of Cards #cards 12 size 40 Howl #buckets 4 coarsen threshold 1843 Howl Bitmap #cards 512 size 80 coarsen threshold 460 Card regions per heap region 1 cards per card region 2048
 CPUs: 16 total, 16 available
 Memory: 16160M
 Large Page Support: Disabled
 NUMA Support: Disabled
 Compressed Oops: Enabled (32-bit)
 Heap Region Size: 1M
 Heap Min Capacity: 8M
 Heap Initial Capacity: 254M
 Heap Max Capacity: 2G
 Pre-touch: Disabled
 Parallel Workers: 13
 Concurrent Workers: 3
 Concurrent Refinement Workers: 13
 Periodic GC: Disabled
Heap:
 garbage-first heap   total 296960K, used 173917K [0x0000000080000000, 0x0000000100000000)
  region size 1024K, 12 young (12288K), 12 survivors (12288K)
 Metaspace       used 124136K, committed 126208K, reserved 1179648K
  class space    used 17042K, committed 18112K, reserved 1048576K
GC Heap History (20 events):
Event: 22.926 GC heap after
{Heap after GC invocations=35 (full 0):
 garbage-first heap   total 167936K, used 99764K [0x0000000080000000, 0x0000000100000000)
  region size 1024K, 7 young (7168K), 7 survivors (7168K)
 Metaspace       used 105941K, committed 107968K, reserved 1179648K
  class space    used 14540K, committed 15552K, reserved 1048576K
}
Event: 24.015 GC heap before
{Heap before GC invocations=36 (full 0):
 garbage-first heap   total 176128K, used 148916K [0x0000000080000000, 0x0000000100000000)
  region size 1024K, 55 young (56320K), 7 survivors (7168K)
 Metaspace       used 109713K, committed 111744K, reserved 1179648K
  class space    used 15057K, committed 16064K, reserved 1048576K
}
Event: 24.023 GC heap after
{Heap after GC invocations=37 (full 0):
 garbage-first heap   total 176128K, used 103654K [0x0000000080000000, 0x0000000100000000)
  region size 1024K, 7 young (7168K), 7 survivors (7168K)
 Metaspace       used 109713K, committed 111744K, reserved 1179648K
  class space    used 15057K, committed 16064K, reserved 1048576K
}
Event: 25.192 GC heap before
{Heap before GC invocations=37 (full 0):
 garbage-first heap   total 176128K, used 162022K [0x0000000080000000, 0x0000000100000000)
  region size 1024K, 60 young (61440K), 7 survivors (7168K)
 Metaspace       used 114359K, committed 116480K, reserved 1179648K
  class space    used 15552K, committed 16640K, reserved 1048576K
}
Event: 25.206 GC heap after
{Heap after GC invocations=38 (full 0):
 garbage-first heap   total 179200K, used 109568K [0x0000000080000000, 0x0000000100000000)
  region size 1024K, 8 young (8192K), 8 survivors (8192K)
 Metaspace       used 114359K, committed 116480K, reserved 1179648K
  class space    used 15552K, committed 16640K, reserved 1048576K
}
Event: 25.697 GC heap before
{Heap before GC invocations=38 (full 0):
 garbage-first heap   total 179200K, used 159744K [0x0000000080000000, 0x0000000100000000)
  region size 1024K, 58 young (59392K), 8 survivors (8192K)
 Metaspace       used 114825K, committed 116928K, reserved 1179648K
  class space    used 15636K, committed 16704K, reserved 1048576K
}
Event: 25.708 GC heap after
{Heap after GC invocations=39 (full 0):
 garbage-first heap   total 179200K, used 115138K [0x0000000080000000, 0x0000000100000000)
  region size 1024K, 5 young (5120K), 5 survivors (5120K)
 Metaspace       used 114825K, committed 116928K, reserved 1179648K
  class space    used 15636K, committed 16704K, reserved 1048576K
}
Event: 26.618 GC heap before
{Heap before GC invocations=40 (full 0):
 garbage-first heap   total 201728K, used 161218K [0x0000000080000000, 0x0000000100000000)
  region size 1024K, 51 young (52224K), 5 survivors (5120K)
 Metaspace       used 117294K, committed 119360K, reserved 1179648K
  class space    used 15928K, committed 16960K, reserved 1048576K
}
Event: 26.625 GC heap after
{Heap after GC invocations=41 (full 0):
 garbage-first heap   total 201728K, used 118446K [0x0000000080000000, 0x0000000100000000)
  region size 1024K, 5 young (5120K), 5 survivors (5120K)
 Metaspace       used 117294K, committed 119360K, reserved 1179648K
  class space    used 15928K, committed 16960K, reserved 1048576K
}
Event: 27.176 GC heap before
{Heap before GC invocations=41 (full 0):
 garbage-first heap   total 201728K, used 181934K [0x0000000080000000, 0x0000000100000000)
  region size 1024K, 68 young (69632K), 5 survivors (5120K)
 Metaspace       used 118763K, committed 120896K, reserved 1179648K
  class space    used 16159K, committed 17216K, reserved 1048576K
}
Event: 27.186 GC heap after
{Heap after GC invocations=42 (full 0):
 garbage-first heap   total 201728K, used 125498K [0x0000000080000000, 0x0000000100000000)
  region size 1024K, 9 young (9216K), 9 survivors (9216K)
 Metaspace       used 118763K, committed 120896K, reserved 1179648K
  class space    used 16159K, committed 17216K, reserved 1048576K
}
Event: 27.214 GC heap before
{Heap before GC invocations=42 (full 0):
 garbage-first heap   total 201728K, used 179770K [0x0000000080000000, 0x0000000100000000)
  region size 1024K, 63 young (64512K), 9 survivors (9216K)
 Metaspace       used 118857K, committed 120960K, reserved 1179648K
  class space    used 16171K, committed 17216K, reserved 1048576K
}
Event: 27.227 GC heap after
{Heap after GC invocations=43 (full 0):
 garbage-first heap   total 203776K, used 136397K [0x0000000080000000, 0x0000000100000000)
  region size 1024K, 8 young (8192K), 8 survivors (8192K)
 Metaspace       used 118857K, committed 120960K, reserved 1179648K
  class space    used 16171K, committed 17216K, reserved 1048576K
}
Event: 27.262 GC heap before
{Heap before GC invocations=43 (full 0):
 garbage-first heap   total 203776K, used 182477K [0x0000000080000000, 0x0000000100000000)
  region size 1024K, 54 young (55296K), 8 survivors (8192K)
 Metaspace       used 119007K, committed 121152K, reserved 1179648K
  class space    used 16191K, committed 17280K, reserved 1048576K
}
Event: 27.270 GC heap after
{Heap after GC invocations=44 (full 0):
 garbage-first heap   total 203776K, used 146733K [0x0000000080000000, 0x0000000100000000)
  region size 1024K, 7 young (7168K), 7 survivors (7168K)
 Metaspace       used 119007K, committed 121152K, reserved 1179648K
  class space    used 16191K, committed 17280K, reserved 1048576K
}
Event: 27.305 GC heap before
{Heap before GC invocations=44 (full 0):
 garbage-first heap   total 203776K, used 183597K [0x0000000080000000, 0x0000000100000000)
  region size 1024K, 44 young (45056K), 7 survivors (7168K)
 Metaspace       used 119155K, committed 121280K, reserved 1179648K
  class space    used 16209K, committed 17280K, reserved 1048576K
}
Event: 27.312 GC heap after
{Heap after GC invocations=45 (full 0):
 garbage-first heap   total 203776K, used 155490K [0x0000000080000000, 0x0000000100000000)
  region size 1024K, 6 young (6144K), 6 survivors (6144K)
 Metaspace       used 119155K, committed 121280K, reserved 1179648K
  class space    used 16209K, committed 17280K, reserved 1048576K
}
Event: 27.493 GC heap before
{Heap before GC invocations=46 (full 0):
 garbage-first heap   total 296960K, used 181090K [0x0000000080000000, 0x0000000100000000)
  region size 1024K, 32 young (32768K), 6 survivors (6144K)
 Metaspace       used 119921K, committed 122048K, reserved 1179648K
  class space    used 16324K, committed 17408K, reserved 1048576K
}
Event: 27.499 GC heap after
{Heap after GC invocations=47 (full 0):
 garbage-first heap   total 296960K, used 161766K [0x0000000080000000, 0x0000000100000000)
  region size 1024K, 4 young (4096K), 4 survivors (4096K)
 Metaspace       used 119921K, committed 122048K, reserved 1179648K
  class space    used 16324K, committed 17408K, reserved 1048576K
}
Event: 28.015 GC heap before
{Heap before GC invocations=47 (full 0):
 garbage-first heap   total 296960K, used 249830K [0x0000000080000000, 0x0000000100000000)
  region size 1024K, 91 young (93184K), 4 survivors (4096K)
 Metaspace       used 124136K, committed 126208K, reserved 1179648K
  class space    used 17042K, committed 18112K, reserved 1048576K
}

